<?xml version="1.0" encoding="UTF-8"?>
<!-- Generated by org.testng.reporters.JUnitXMLReporter -->
<testsuite hostname="venkay32" ignored="0" name="Command line test" tests="3" failures="0" timestamp="05 Nov 2019 20:55:18 GMT" time="39.642" errors="0">
  <testcase name="testToCompareDoubles" time="3.511" classname="STTA.MavenProject.BingTest"/>
  <testcase name="testToCompareDoubles" time="4.097" classname="STTA.MavenProject.GoogleTest"/>
  <testcase name="verifySearch" time="18.36" classname="STTA.MavenProject.WebDriverTest"/>
</testsuite> <!-- Command line test -->
