<?xml version="1.0" encoding="UTF-8"?>
<testng-results skipped="0" failed="0" ignored="0" total="2" passed="2">
  <reporter-output>
  </reporter-output>
  <suite name="Command line suite" duration-ms="42394" started-at="2019-11-08T19:07:57Z" finished-at="2019-11-08T19:08:39Z">
    <groups>
    </groups>
    <test name="Command line test" duration-ms="42394" started-at="2019-11-08T19:07:57Z" finished-at="2019-11-08T19:08:39Z">
      <class name="STTA.MavenProject.GoogleTest">
        <test-method status="PASS" signature="StartBrowser_NavURL()[pri:0, instance:STTA.MavenProject.GoogleTest@67b6d4ae]" name="StartBrowser_NavURL" is-config="true" duration-ms="6754" started-at="2019-11-08T19:07:57Z" finished-at="2019-11-08T19:08:04Z">
          <reporter-output>
          </reporter-output>
        </test-method> <!-- StartBrowser_NavURL -->
        <test-method status="PASS" signature="testToCompareDoubles()[pri:0, instance:STTA.MavenProject.GoogleTest@67b6d4ae]" name="testToCompareDoubles" duration-ms="4831" started-at="2019-11-08T19:08:04Z" finished-at="2019-11-08T19:08:09Z">
          <reporter-output>
          </reporter-output>
        </test-method> <!-- testToCompareDoubles -->
        <test-method status="PASS" signature="CloseBrowser()[pri:0, instance:STTA.MavenProject.GoogleTest@67b6d4ae]" name="CloseBrowser" is-config="true" duration-ms="1652" started-at="2019-11-08T19:08:38Z" finished-at="2019-11-08T19:08:39Z">
          <reporter-output>
          </reporter-output>
        </test-method> <!-- CloseBrowser -->
      </class> <!-- STTA.MavenProject.GoogleTest -->
      <class name="STTA.MavenProject.WebDriverTest">
        <test-method status="PASS" signature="verifySearch()[pri:0, instance:STTA.MavenProject.WebDriverTest@34b7bfc0]" name="verifySearch" duration-ms="29122" started-at="2019-11-08T19:08:09Z" finished-at="2019-11-08T19:08:38Z">
          <reporter-output>
          </reporter-output>
        </test-method> <!-- verifySearch -->
      </class> <!-- STTA.MavenProject.WebDriverTest -->
    </test> <!-- Command line test -->
  </suite> <!-- Command line suite -->
</testng-results>
