<?xml version="1.0" encoding="UTF-8"?>
<testng-results skipped="0" failed="0" ignored="0" total="3" passed="3">
  <reporter-output>
  </reporter-output>
  <suite name="Command line suite" duration-ms="39642" started-at="2019-11-05T20:54:38Z" finished-at="2019-11-05T20:55:18Z">
    <groups>
    </groups>
    <test name="Command line test" duration-ms="39642" started-at="2019-11-05T20:54:38Z" finished-at="2019-11-05T20:55:18Z">
      <class name="STTA.MavenProject.GoogleTest">
        <test-method status="PASS" signature="testToCompareDoubles()[pri:0, instance:STTA.MavenProject.GoogleTest@380fb434]" name="testToCompareDoubles" duration-ms="4097" started-at="2019-11-05T20:54:52Z" finished-at="2019-11-05T20:54:57Z">
          <reporter-output>
          </reporter-output>
        </test-method> <!-- testToCompareDoubles -->
      </class> <!-- STTA.MavenProject.GoogleTest -->
      <class name="STTA.MavenProject.WebDriverTest">
        <test-method status="PASS" signature="verifySearch()[pri:0, instance:STTA.MavenProject.WebDriverTest@668bc3d5]" name="verifySearch" duration-ms="18360" started-at="2019-11-05T20:54:57Z" finished-at="2019-11-05T20:55:15Z">
          <reporter-output>
          </reporter-output>
        </test-method> <!-- verifySearch -->
      </class> <!-- STTA.MavenProject.WebDriverTest -->
      <class name="STTA.MavenProject.BingTest">
        <test-method status="PASS" signature="StartBrowser_NavURL()[pri:0, instance:STTA.MavenProject.BingTest@21bcffb5]" name="StartBrowser_NavURL" is-config="true" duration-ms="5670" started-at="2019-11-05T20:54:38Z" finished-at="2019-11-05T20:54:44Z">
          <reporter-output>
          </reporter-output>
        </test-method> <!-- StartBrowser_NavURL -->
        <test-method status="PASS" signature="StartBrowser_NavURL()[pri:0, instance:STTA.MavenProject.GoogleTest@380fb434]" name="StartBrowser_NavURL" is-config="true" duration-ms="5151" started-at="2019-11-05T20:54:44Z" finished-at="2019-11-05T20:54:49Z">
          <reporter-output>
          </reporter-output>
        </test-method> <!-- StartBrowser_NavURL -->
        <test-method status="PASS" signature="testToCompareDoubles()[pri:0, instance:STTA.MavenProject.BingTest@21bcffb5]" name="testToCompareDoubles" duration-ms="3511" started-at="2019-11-05T20:54:49Z" finished-at="2019-11-05T20:54:52Z">
          <reporter-output>
          </reporter-output>
        </test-method> <!-- testToCompareDoubles -->
        <test-method status="PASS" signature="CloseBrowser()[pri:0, instance:STTA.MavenProject.BingTest@21bcffb5]" name="CloseBrowser" is-config="true" duration-ms="1200" started-at="2019-11-05T20:55:15Z" finished-at="2019-11-05T20:55:16Z">
          <reporter-output>
          </reporter-output>
        </test-method> <!-- CloseBrowser -->
        <test-method status="PASS" signature="CloseBrowser()[pri:0, instance:STTA.MavenProject.GoogleTest@380fb434]" name="CloseBrowser" is-config="true" duration-ms="1619" started-at="2019-11-05T20:55:16Z" finished-at="2019-11-05T20:55:18Z">
          <reporter-output>
          </reporter-output>
        </test-method> <!-- CloseBrowser -->
      </class> <!-- STTA.MavenProject.BingTest -->
    </test> <!-- Command line test -->
  </suite> <!-- Command line suite -->
</testng-results>
