<?xml version="1.0" encoding="UTF-8"?>
<testng-results skipped="0" failed="0" ignored="0" total="1" passed="1">
  <reporter-output>
  </reporter-output>
  <suite name="Default suite" duration-ms="27551" started-at="2019-11-06T08:56:36Z" finished-at="2019-11-06T08:57:04Z">
    <groups>
    </groups>
    <test name="Default test" duration-ms="27551" started-at="2019-11-06T08:56:36Z" finished-at="2019-11-06T08:57:04Z">
      <class name="STTA.MavenProject.BingTest">
        <test-method status="PASS" signature="StartBrowser_NavURL()[pri:0, instance:STTA.MavenProject.BingTest@3abbfa04]" name="StartBrowser_NavURL" is-config="true" duration-ms="6411" started-at="2019-11-06T08:56:36Z" finished-at="2019-11-06T08:56:43Z">
          <reporter-output>
          </reporter-output>
        </test-method> <!-- StartBrowser_NavURL -->
        <test-method status="PASS" signature="testToCompareDoubles()[pri:0, instance:STTA.MavenProject.BingTest@3abbfa04]" name="testToCompareDoubles" duration-ms="19251" started-at="2019-11-06T08:56:43Z" finished-at="2019-11-06T08:57:02Z">
          <reporter-output>
          </reporter-output>
        </test-method> <!-- testToCompareDoubles -->
        <test-method status="PASS" signature="CloseBrowser()[pri:0, instance:STTA.MavenProject.BingTest@3abbfa04]" name="CloseBrowser" is-config="true" duration-ms="1845" started-at="2019-11-06T08:57:02Z" finished-at="2019-11-06T08:57:04Z">
          <reporter-output>
          </reporter-output>
        </test-method> <!-- CloseBrowser -->
      </class> <!-- STTA.MavenProject.BingTest -->
    </test> <!-- Default test -->
  </suite> <!-- Default suite -->
</testng-results>
